Release 14.7 - xst P.20131013 (nt)
Copyright (c) 1995-2013 Xilinx, Inc.  All rights reserved.
--> Parameter TMPDIR set to xst/projnav.tmp


Total REAL time to Xst completion: 0.00 secs
Total CPU time to Xst completion: 0.11 secs
 
--> Parameter xsthdpdir set to xst


Total REAL time to Xst completion: 0.00 secs
Total CPU time to Xst completion: 0.11 secs
 
--> Reading design: bruteforce_bruteforce_sch_tb.prj

TABLE OF CONTENTS
  1) Synthesis Options Summary
  2) HDL Compilation
  3) Design Hierarchy Analysis
  4) HDL Analysis
  5) HDL Synthesis
     5.1) HDL Synthesis Report
  6) Advanced HDL Synthesis
     6.1) Advanced HDL Synthesis Report
  7) Low Level Synthesis
  8) Partition Report
  9) Final Report
	9.1) Device utilization summary
	9.2) Partition Resource Summary
	9.3) TIMING REPORT


=========================================================================
*                      Synthesis Options Summary                        *
=========================================================================
---- Source Parameters
Input File Name                    : "bruteforce_bruteforce_sch_tb.prj"
Input Format                       : mixed
Ignore Synthesis Constraint File   : NO

---- Target Parameters
Output File Name                   : "bruteforce_bruteforce_sch_tb"
Output Format                      : NGC
Target Device                      : xc3s200a-4-vq100

---- Source Options
Top Module Name                    : bruteforce_bruteforce_sch_tb
Automatic FSM Extraction           : YES
FSM Encoding Algorithm             : Auto
Safe Implementation                : No
FSM Style                          : LUT
RAM Extraction                     : Yes
RAM Style                          : Auto
ROM Extraction                     : Yes
Mux Style                          : Auto
Decoder Extraction                 : YES
Priority Encoder Extraction        : Yes
Shift Register Extraction          : YES
Logical Shifter Extraction         : YES
XOR Collapsing                     : YES
ROM Style                          : Auto
Mux Extraction                     : Yes
Resource Sharing                   : YES
Asynchronous To Synchronous        : NO
Multiplier Style                   : Auto
Automatic Register Balancing       : No

---- Target Options
Add IO Buffers                     : YES
Global Maximum Fanout              : 500
Add Generic Clock Buffer(BUFG)     : 24
Register Duplication               : YES
Slice Packing                      : YES
Optimize Instantiated Primitives   : NO
Use Clock Enable                   : Yes
Use Synchronous Set                : Yes
Use Synchronous Reset              : Yes
Pack IO Registers into IOBs        : Auto
Equivalent register Removal        : YES

---- General Options
Optimization Goal                  : Speed
Optimization Effort                : 1
Keep Hierarchy                     : No
Netlist Hierarchy                  : As_Optimized
RTL Output                         : Yes
Global Optimization                : AllClockNets
Read Cores                         : YES
Write Timing Constraints           : NO
Cross Clock Analysis               : NO
Hierarchy Separator                : /
Bus Delimiter                      : <>
Case Specifier                     : Maintain
Slice Utilization Ratio            : 100
BRAM Utilization Ratio             : 100
Verilog 2001                       : YES
Auto BRAM Packing                  : NO
Slice Utilization Ratio Delta      : 5

=========================================================================


=========================================================================
*                          HDL Compilation                              *
=========================================================================
Compiling vhdl file "C:/Users/bevans/Desktop/FPGA MD5 Cracker Project Files (1)/charAdder.vhd" in Library work.
Entity <charAdder> compiled.
Entity <charAdder> (Architecture <Behavioral>) compiled.
Compiling vhdl file "C:/Users/bevans/Desktop/FPGA MD5 Cracker Project Files (1)/firstCharAdder.vhd" in Library work.
Entity <firstCharAdder> compiled.
Entity <firstCharAdder> (Architecture <Behavioral>) compiled.
Compiling vhdl file "C:/Users/bevans/Desktop/FPGA-MD5-Cracker/bruteforcer/bruteforce.vhf" in Library work.
Entity <bruteforce> compiled.
Entity <bruteforce> (Architecture <BEHAVIORAL>) compiled.
Compiling vhdl file "C:/Users/bevans/Desktop/FPGA-MD5-Cracker/bruteforcer/bruteforce_tbw.vhd" in Library work.
Entity <bruteforce_bruteforce_sch_tb> compiled.
ERROR:HDLParsers:164 - "C:/Users/bevans/Desktop/FPGA-MD5-Cracker/bruteforcer/bruteforce_tbw.vhd" Line 75. parse error, unexpected ROW, expecting OPENPAR or TICK or LSQBRACK
--> 

Total memory usage is 202968 kilobytes

Number of errors   :    1 (   0 filtered)
Number of warnings :    0 (   0 filtered)
Number of infos    :    0 (   0 filtered)

